<?xml version="1.0" encoding="UTF-8"?>
<!-- Generated by org.testng.reporters.JUnitReportReporter -->
<testsuite hostname="DESKTOP-OET529O" failures="0" tests="6" name="testCases.Swag_Lab_Login_Test_Case" time="61.741" errors="0" timestamp="2024-12-25T19:50:55 IST" skipped="0">
  <testcase classname="testCases.Swag_Lab_Login_Test_Case" name="LoginTest" time="9.909"/>
  <testcase classname="testCases.Swag_Lab_Login_Test_Case" name="LoginTest" time="10.996"/>
  <testcase classname="testCases.Swag_Lab_Login_Test_Case" name="LoginTest" time="9.771"/>
  <testcase classname="testCases.Swag_Lab_Login_Test_Case" name="LoginTest" time="11.246"/>
  <testcase classname="testCases.Swag_Lab_Login_Test_Case" name="LoginTest" time="9.579"/>
  <testcase classname="testCases.Swag_Lab_Login_Test_Case" name="LoginTest" time="10.240"/>
</testsuite> <!-- testCases.Swag_Lab_Login_Test_Case -->
